<?xml version="1.0" encoding="UTF-8"?>
<!-- Generated by org.testng.reporters.JUnitReportReporter -->
<testsuite hostname="LTIN171736" failures="0" tests="5" name="testCases.TC_001_CarWashingSrvcsDetails" time="56.596" errors="0" timestamp="2024-02-28T16:42:53 IST" skipped="0">
  <testcase classname="testCases.TC_001_CarWashingSrvcsDetails" name="checkLocation" time="6.712"/>
  <testcase classname="testCases.TC_001_CarWashingSrvcsDetails" name="searchCarWashingSrvcs" time="7.619"/>
  <testcase classname="testCases.TC_001_CarWashingSrvcsDetails" name="applyFilters" time="7.963"/>
  <testcase classname="testCases.TC_001_CarWashingSrvcsDetails" name="clickContactButton" time="24.133"/>
  <testcase classname="testCases.TC_001_CarWashingSrvcsDetails" name="printCarWashingSrvcsDetails" time="10.169"/>
</testsuite> <!-- testCases.TC_001_CarWashingSrvcsDetails -->
