<?xml version="1.0" encoding="UTF-8"?>
<!-- Generated by org.testng.reporters.JUnitReportReporter -->
<testsuite hostname="LTIN171736" failures="0" tests="5" name="testCases.TC_01_CarWashingServices" time="68.595" errors="0" timestamp="2024-02-29T13:26:59 IST" skipped="0">
  <testcase classname="testCases.TC_01_CarWashingServices" name="checkLocation" time="23.241"/>
  <testcase classname="testCases.TC_01_CarWashingServices" name="searchCarWashingSrvcs" time="7.008"/>
  <testcase classname="testCases.TC_01_CarWashingServices" name="applyFilters" time="7.719"/>
  <testcase classname="testCases.TC_01_CarWashingServices" name="clickContactButton" time="22.669"/>
  <testcase classname="testCases.TC_01_CarWashingServices" name="printCarWashingSrvcsDetails" time="7.958"/>
</testsuite> <!-- testCases.TC_01_CarWashingServices -->
