<?xml version="1.0" encoding="UTF-8"?>
<!-- Generated by org.testng.reporters.JUnitReportReporter -->
<testsuite hostname="LTIN171736" failures="0" tests="4" name="testCases.TC_002_LauchFreeListing" time="41.459" errors="0" timestamp="2024-02-28T16:42:53 IST" skipped="0">
  <testcase classname="testCases.TC_002_LauchFreeListing" name="launchFreeListing" time="4.499"/>
  <testcase classname="testCases.TC_002_LauchFreeListing" name="clickStartNowBtn" time="2.114"/>
  <testcase classname="testCases.TC_002_LauchFreeListing" name="printInvalidMessage" time="2.042"/>
  <testcase classname="testCases.TC_002_LauchFreeListing" name="navigateBack" time="32.804"/>
</testsuite> <!-- testCases.TC_002_LauchFreeListing -->
