<?xml version="1.0" encoding="UTF-8"?>
<!-- Generated by org.testng.reporters.JUnitReportReporter -->
<testsuite hostname="LTIN171736" failures="0" tests="4" name="testCases.TC_02_LauchFreeListing" time="10.403" errors="0" timestamp="2024-02-29T13:26:59 IST" skipped="0">
  <testcase classname="testCases.TC_02_LauchFreeListing" name="launchFreeListing" time="4.185"/>
  <testcase classname="testCases.TC_02_LauchFreeListing" name="clickStartNowBtn" time="2.109"/>
  <testcase classname="testCases.TC_02_LauchFreeListing" name="printInvalidMessage" time="2.048"/>
  <testcase classname="testCases.TC_02_LauchFreeListing" name="navigateBack" time="2.061"/>
</testsuite> <!-- testCases.TC_02_LauchFreeListing -->
