<?xml version="1.0" encoding="UTF-8"?>
<!-- Generated by org.testng.reporters.JUnitReportReporter -->
<testsuite hostname="LTIN171736" failures="0" tests="3" name="testCases.TC_003_GymsSubList" time="10.172" errors="0" timestamp="2024-02-28T16:42:53 IST" skipped="0">
  <testcase classname="testCases.TC_003_GymsSubList" name="clickGymSection" time="3.160"/>
  <testcase classname="testCases.TC_003_GymsSubList" name="printGymSubList" time="5.172"/>
  <testcase classname="testCases.TC_003_GymsSubList" name="printSubMenuList" time="1.840"/>
</testsuite> <!-- testCases.TC_003_GymsSubList -->
